<?xml version="1.0" encoding="UTF-8"?>
<testng-results ignored="0" total="1" passed="1" failed="0" skipped="0">
  <reporter-output>
  </reporter-output>
  <suite started-at="2024-05-09T22:28:55 IST" name="Default suite" finished-at="2024-05-09T22:28:55 IST" duration-ms="116">
    <groups>
    </groups>
    <test started-at="2024-05-09T22:28:55 IST" name="Default test" finished-at="2024-05-09T22:28:55 IST" duration-ms="116">
      <class name="firstpackage.hey">
        <test-method signature="get()[pri:0, instance:firstpackage.hey@acb0951]" started-at="2024-05-09T22:28:55 IST" name="get" finished-at="2024-05-09T22:28:55 IST" duration-ms="13" status="PASS">
          <reporter-output>
          </reporter-output>
        </test-method> <!-- get -->
      </class> <!-- firstpackage.hey -->
    </test> <!-- Default test -->
  </suite> <!-- Default suite -->
</testng-results>
